2025-05-28 12:53:36 [main] INFO  c.example.demo.DemoApplicationTests - Starting DemoApplicationTests using Java 21.0.6 with PID 94082 (started by craigrivers in /Users/craigrivers/Development/Projects/ladder/demo/ladderbackend)
2025-05-28 12:53:36 [main] INFO  c.example.demo.DemoApplicationTests - No active profile set, falling back to 1 default profile: "default"
2025-05-28 12:53:38 [main] INFO  o.s.d.r.c.RepositoryConfigurationDelegate - Bootstrapping Spring Data JPA repositories in DEFAULT mode.
2025-05-28 12:53:38 [main] INFO  o.s.d.r.c.RepositoryConfigurationDelegate - Finished Spring Data repository scanning in 24 ms. Found 0 JPA repository interfaces.
2025-05-28 12:53:39 [main] INFO  com.zaxxer.hikari.HikariDataSource - LadderHikariPool - Starting...
2025-05-28 12:53:39 [main] INFO  com.zaxxer.hikari.pool.HikariPool - LadderHikariPool - Added connection conn0: url=jdbc:h2:mem:testdb user=SA
2025-05-28 12:53:39 [main] INFO  com.zaxxer.hikari.HikariDataSource - LadderHikariPool - Start completed.
2025-05-28 12:53:40 [main] INFO  o.h.jpa.internal.util.LogHelper - HHH000204: Processing PersistenceUnitInfo [name: default]
2025-05-28 12:53:40 [main] INFO  org.hibernate.Version - HHH000412: Hibernate ORM core version 6.4.4.Final
2025-05-28 12:53:40 [main] INFO  o.h.c.i.RegionFactoryInitiator - HHH000026: Second-level cache disabled
2025-05-28 12:53:40 [main] INFO  o.s.o.j.p.SpringPersistenceUnitInfo - No LoadTimeWeaver setup: ignoring JPA class transformer
2025-05-28 12:53:40 [main] WARN  org.hibernate.orm.deprecation - HHH90000025: H2Dialect does not need to be specified explicitly using 'hibernate.dialect' (remove the property setting and it will be selected by default)
2025-05-28 12:53:42 [main] INFO  o.h.e.t.j.p.i.JtaPlatformInitiator - HHH000489: No JTA platform available (set 'hibernate.transaction.jta.platform' to enable JTA platform integration)
2025-05-28 12:53:42 [main] DEBUG org.hibernate.SQL - drop table if exists match_result cascade 
2025-05-28 12:53:42 [main] DEBUG org.hibernate.SQL - drop table if exists set_score cascade 
2025-05-28 12:53:42 [main] DEBUG org.hibernate.SQL - create table match_result (match_date timestamp(6) not null, match_id bigint, match_result_id bigint generated by default as identity, match_winner_id bigint not null, player1_id bigint not null, player2_id bigint not null, primary key (match_result_id))
2025-05-28 12:53:42 [main] DEBUG org.hibernate.SQL - create table set_score (set_number integer not null, set_score integer not null, set_winner integer not null, match_result_id bigint not null, player_id bigint not null, set_score_id bigint generated by default as identity, primary key (set_score_id))
2025-05-28 12:53:42 [main] INFO  o.s.o.j.LocalContainerEntityManagerFactoryBean - Initialized JPA EntityManagerFactory for persistence unit 'default'
2025-05-28 12:53:42 [main] INFO  com.example.demo.config.CorsConfig - Initializing CORS filter with allowed origins: http://localhost,http://localhost:80,http://localhost:4200,https://ladder-app-a4ra.onrender.com,https://ladder-frontend-vj79.onrender.com,http://localhost:8081,https://localhost:8081,https://dmvtennisladders.com
2025-05-28 12:53:42 [main] INFO  com.example.demo.config.CorsConfig - CORS filter initialized with configuration: org.springframework.web.cors.CorsConfiguration@1e8b0ab5
2025-05-28 12:53:42 [main] WARN  o.s.b.a.o.j.JpaBaseConfiguration$JpaWebConfiguration - spring.jpa.open-in-view is enabled by default. Therefore, database queries may be performed during view rendering. Explicitly configure spring.jpa.open-in-view to disable this warning
2025-05-28 12:53:42 [main] WARN  o.s.b.a.s.s.UserDetailsServiceAutoConfiguration - 

Using generated security password: 91609e81-2e42-4adf-8887-f0e61812259b

This generated password is for development use only. Your security configuration must be updated before running your application in production.

2025-05-28 12:53:43 [main] INFO  o.s.s.web.DefaultSecurityFilterChain - Will secure any request with [org.springframework.security.web.session.DisableEncodeUrlFilter@7d41aefd, org.springframework.security.web.context.request.async.WebAsyncManagerIntegrationFilter@feb57b4, org.springframework.security.web.context.SecurityContextHolderFilter@2df40273, org.springframework.security.web.header.HeaderWriterFilter@78e386a5, org.springframework.web.filter.CorsFilter@2688b2be, org.springframework.security.web.authentication.logout.LogoutFilter@1b472cad, org.springframework.security.web.savedrequest.RequestCacheAwareFilter@6f28a07e, org.springframework.security.web.servletapi.SecurityContextHolderAwareRequestFilter@44e19b99, org.springframework.security.web.authentication.AnonymousAuthenticationFilter@7893b8c, org.springframework.security.web.access.ExceptionTranslationFilter@332fc35c, org.springframework.security.web.access.intercept.AuthorizationFilter@206a465f]
2025-05-28 12:53:44 [main] INFO  c.example.demo.DemoApplicationTests - Started DemoApplicationTests in 8.419 seconds (process running for 13.612)
2025-05-28 12:53:44 [SpringApplicationShutdownHook] INFO  o.s.o.j.LocalContainerEntityManagerFactoryBean - Closing JPA EntityManagerFactory for persistence unit 'default'
2025-05-28 12:53:44 [SpringApplicationShutdownHook] DEBUG org.hibernate.SQL - drop table if exists match_result cascade 
2025-05-28 12:53:44 [SpringApplicationShutdownHook] DEBUG org.hibernate.SQL - drop table if exists set_score cascade 
2025-05-28 12:53:44 [SpringApplicationShutdownHook] INFO  com.zaxxer.hikari.HikariDataSource - LadderHikariPool - Shutdown initiated...
2025-05-28 12:53:44 [SpringApplicationShutdownHook] INFO  com.zaxxer.hikari.HikariDataSource - LadderHikariPool - Shutdown completed.
2025-05-28 13:08:06 [main] INFO  c.example.demo.DemoApplicationTests - Starting DemoApplicationTests using Java 21.0.6 with PID 95855 (started by craigrivers in /Users/craigrivers/Development/Projects/ladder/demo/ladderbackend)
2025-05-28 13:08:06 [main] INFO  c.example.demo.DemoApplicationTests - No active profile set, falling back to 1 default profile: "default"
2025-05-28 13:08:08 [main] INFO  o.s.d.r.c.RepositoryConfigurationDelegate - Bootstrapping Spring Data JPA repositories in DEFAULT mode.
2025-05-28 13:08:08 [main] INFO  o.s.d.r.c.RepositoryConfigurationDelegate - Finished Spring Data repository scanning in 37 ms. Found 0 JPA repository interfaces.
2025-05-28 13:08:09 [main] INFO  com.zaxxer.hikari.HikariDataSource - LadderHikariPool - Starting...
2025-05-28 13:08:09 [main] INFO  com.zaxxer.hikari.pool.HikariPool - LadderHikariPool - Added connection conn0: url=jdbc:h2:mem:testdb user=SA
2025-05-28 13:08:09 [main] INFO  com.zaxxer.hikari.HikariDataSource - LadderHikariPool - Start completed.
2025-05-28 13:08:09 [main] INFO  o.h.jpa.internal.util.LogHelper - HHH000204: Processing PersistenceUnitInfo [name: default]
2025-05-28 13:08:09 [main] INFO  org.hibernate.Version - HHH000412: Hibernate ORM core version 6.4.4.Final
2025-05-28 13:08:10 [main] INFO  o.h.c.i.RegionFactoryInitiator - HHH000026: Second-level cache disabled
2025-05-28 13:08:10 [main] INFO  o.s.o.j.p.SpringPersistenceUnitInfo - No LoadTimeWeaver setup: ignoring JPA class transformer
2025-05-28 13:08:10 [main] WARN  org.hibernate.orm.deprecation - HHH90000025: H2Dialect does not need to be specified explicitly using 'hibernate.dialect' (remove the property setting and it will be selected by default)
2025-05-28 13:08:11 [main] INFO  o.h.e.t.j.p.i.JtaPlatformInitiator - HHH000489: No JTA platform available (set 'hibernate.transaction.jta.platform' to enable JTA platform integration)
2025-05-28 13:08:11 [main] DEBUG org.hibernate.SQL - drop table if exists match_result cascade 
2025-05-28 13:08:11 [main] DEBUG org.hibernate.SQL - drop table if exists set_score cascade 
2025-05-28 13:08:11 [main] DEBUG org.hibernate.SQL - create table match_result (match_date timestamp(6) not null, match_id bigint, match_result_id bigint generated by default as identity, match_winner_id bigint not null, player1_id bigint not null, player2_id bigint not null, primary key (match_result_id))
2025-05-28 13:08:11 [main] DEBUG org.hibernate.SQL - create table set_score (set_number integer not null, set_score integer not null, set_winner integer not null, match_result_id bigint not null, player_id bigint not null, set_score_id bigint generated by default as identity, primary key (set_score_id))
2025-05-28 13:08:11 [main] INFO  o.s.o.j.LocalContainerEntityManagerFactoryBean - Initialized JPA EntityManagerFactory for persistence unit 'default'
2025-05-28 13:08:11 [main] INFO  com.example.demo.config.CorsConfig - Initializing CORS filter with allowed origins: http://localhost,http://localhost:80,http://localhost:4200,https://ladder-app-a4ra.onrender.com,https://ladder-frontend-vj79.onrender.com,http://localhost:8081,https://localhost:8081,https://dmvtennisladders.com
2025-05-28 13:08:11 [main] INFO  com.example.demo.config.CorsConfig - CORS filter initialized with configuration: org.springframework.web.cors.CorsConfiguration@186fc6e
2025-05-28 13:08:11 [main] WARN  o.s.b.a.o.j.JpaBaseConfiguration$JpaWebConfiguration - spring.jpa.open-in-view is enabled by default. Therefore, database queries may be performed during view rendering. Explicitly configure spring.jpa.open-in-view to disable this warning
2025-05-28 13:08:11 [main] WARN  o.s.b.a.s.s.UserDetailsServiceAutoConfiguration - 

Using generated security password: 11ace3cc-e189-4bed-88e6-f44847886711

This generated password is for development use only. Your security configuration must be updated before running your application in production.

2025-05-28 13:08:12 [main] INFO  o.s.s.web.DefaultSecurityFilterChain - Will secure any request with [org.springframework.security.web.session.DisableEncodeUrlFilter@541c76fd, org.springframework.security.web.context.request.async.WebAsyncManagerIntegrationFilter@1142843c, org.springframework.security.web.context.SecurityContextHolderFilter@4446e1d9, org.springframework.security.web.header.HeaderWriterFilter@7441edeb, org.springframework.web.filter.CorsFilter@292b7a02, org.springframework.security.web.authentication.logout.LogoutFilter@77f66138, org.springframework.security.web.savedrequest.RequestCacheAwareFilter@1df60140, org.springframework.security.web.servletapi.SecurityContextHolderAwareRequestFilter@62d4dac4, org.springframework.security.web.authentication.AnonymousAuthenticationFilter@3993cecb, org.springframework.security.web.access.ExceptionTranslationFilter@631c6ef4, org.springframework.security.web.access.intercept.AuthorizationFilter@56c26b21]
2025-05-28 13:08:13 [main] INFO  c.example.demo.DemoApplicationTests - Started DemoApplicationTests in 7.242 seconds (process running for 11.474)
2025-05-28 13:08:13 [SpringApplicationShutdownHook] INFO  o.s.o.j.LocalContainerEntityManagerFactoryBean - Closing JPA EntityManagerFactory for persistence unit 'default'
2025-05-28 13:08:13 [SpringApplicationShutdownHook] DEBUG org.hibernate.SQL - drop table if exists match_result cascade 
2025-05-28 13:08:13 [SpringApplicationShutdownHook] DEBUG org.hibernate.SQL - drop table if exists set_score cascade 
2025-05-28 13:08:13 [SpringApplicationShutdownHook] INFO  com.zaxxer.hikari.HikariDataSource - LadderHikariPool - Shutdown initiated...
2025-05-28 13:08:13 [SpringApplicationShutdownHook] INFO  com.zaxxer.hikari.HikariDataSource - LadderHikariPool - Shutdown completed.
